arf
ProjectFileControl
arf.pfc
n_tac
11
| ----------------------- |
| MODEL DIMENSION         |
| ----------------------- |
| narea  	1
| ngroup 	1
| nsex   	2
| syr    	1963
| nyr    	2013
| sage   	1
| nage   	25
| ngear  	3
| n_area 	 1 1
| n_group	 1 1
| n_sex  	 1 2
| pntr_ag
 1
| pntr_gs
 1 2
| pntr_ags
 1 2
| ----------------------- |


| ----------------------- |
| GROWTH PARAMETERS       |
| ----------------------- |
| d_linf  	 57.93 85
| d_vonbk 	 0.172 0.161
| d_to    	 -2.172 0.812
| d_a     	 3.915e-06 3.915e-06
| d_b     	 3.223 3.223
| d_ah    	 1000 10
| d_gh    	 0.3 0.3
| ----------------------- |

| ----------------------- |
| HEAD(dCatchData)        |
| ----------------------- |
 1963 1 1 1 0 1 2.762
 1964 1 1 1 0 1 2.566
 1965 1 1 1 0 1 3.998
| ----------------------- |

| ----------------------- |
| TAIL(dCatchData)        |
| ----------------------- |
 2010 1 1 1 0 1 32.21
 2011 1 1 1 0 1 5.748
 2012 1 1 1 0 1 14.09
 2013 1 1 1 0 1 4.88
| ----------------------- |

| ----------------------- |
| TAIL(d3_survey_data)       |
| ----------------------- |
 2010 4942 3 1 1 0 1.405 0.5
 2011 1233 3 1 1 0 0.87 0.5
 2012 1917 3 1 1 0 1.015 0.5
 2013 2314 3 1 1 0 1.305 0.5
| ----------------------- |

| ----------------------- |
| TAIL(A)       |
| ----------------------- |
    2    1    1    2    4   20    3   13   12    9   19   53   66   66   58   21   13   12    5    9    4    4    1    1    0    0    1    1    0 2012
    2    1    1    1    0    0    1    0   15   12   15   16   18   11    9    6    0    4    0    0    0    0    0    0    0    0    0    0    0 2012
    2    1    1    2    2    4    1    4    3   11    9   18   17   24   12   16    9    5    2    2    0    1    1    1    0    0    0    0    0    1
| ----------------------- |

Incompatible array bounds in dmatrix(int nrl,int nrh,const ivector& ncl,const ivector& nch)
